<?xml version="1.0" encoding="UTF-8"?>
<!-- Generated by org.testng.reporters.JUnitReportReporter -->
<testsuite hostname="DESKTOP-R4CIO73" failures="0" tests="3" name="TestCases.Sign_Up_with_Valid_Email_and_Password_Setup" time="36.524" errors="0" timestamp="2021-12-25T22:02:24 EET" skipped="0">
  <testcase classname="TestCases.Sign_Up_with_Valid_Email_and_Password_Setup" name="navigate_to_Sign_Up_with_Valid_Email_and_Password_chrome" time="6.445"/>
  <system-out/>
  <testcase classname="TestCases.Sign_Up_with_Valid_Email_and_Password_Setup" name="navigate_to_Sign_Up_with_Valid_Email_and_Password_Edge" time="17.531"/>
  <system-out/>
  <testcase classname="TestCases.Sign_Up_with_Valid_Email_and_Password_Setup" name="navigate_to_Sign_Up_with_Valid_Email_and_PasswordF_firefox" time="12.548"/>
  <system-out/>
</testsuite> <!-- TestCases.Sign_Up_with_Valid_Email_and_Password_Setup -->
