<?xml version="1.0" encoding="UTF-8"?>
<!-- Generated by org.testng.reporters.JUnitReportReporter -->
<testsuite hostname="DESKTOP-R4CIO73" failures="0" tests="3" name="TestCases.Sign_Up_UTasks_Invalid_Password_Setup" time="39.460" errors="0" timestamp="2021-12-25T22:02:24 EET" skipped="0">
  <testcase classname="TestCases.Sign_Up_UTasks_Invalid_Password_Setup" name="navigate_to_Sign_Up_Invalid_Password_Edge" time="14.616"/>
  <system-out/>
  <testcase classname="TestCases.Sign_Up_UTasks_Invalid_Password_Setup" name="navigate_to_Sign_Up_Invalid_Password_firefox" time="18.689"/>
  <system-out/>
  <testcase classname="TestCases.Sign_Up_UTasks_Invalid_Password_Setup" name="navigate_to_Sign_Up_Invalid_Password_chrome" time="6.155"/>
  <system-out/>
</testsuite> <!-- TestCases.Sign_Up_UTasks_Invalid_Password_Setup -->
