<?xml version="1.0" encoding="UTF-8"?>
<!-- Generated by org.testng.reporters.JUnitReportReporter -->
<testsuite hostname="DESKTOP-R4CIO73" failures="0" tests="3" name="TestCases.Add_New_Task_to_a_newly_created_project_Setup" time="63.046" errors="0" timestamp="2021-12-25T22:02:24 EET" skipped="0">
  <testcase classname="TestCases.Add_New_Task_to_a_newly_created_project_Setup" name="Add_New_Task_to_a_newly_created_project_Edge" time="18.884"/>
  <system-out/>
  <testcase classname="TestCases.Add_New_Task_to_a_newly_created_project_Setup" name="Add_New_Task_to_a_newly_created_project_chrome" time="16.108"/>
  <system-out/>
  <testcase classname="TestCases.Add_New_Task_to_a_newly_created_project_Setup" name="Add_New_Task_to_a_newly_created_project_firefox" time="28.054"/>
  <system-out/>
</testsuite> <!-- TestCases.Add_New_Task_to_a_newly_created_project_Setup -->
