<?xml version="1.0" encoding="UTF-8"?>
<!-- Generated by org.testng.reporters.JUnitReportReporter -->
<testsuite hostname="DESKTOP-R4CIO73" failures="0" tests="3" name="TestCases.Sign_Up_UTasks_Invalid_Account_Setup" time="43.118" errors="0" timestamp="2021-12-25T22:02:24 EET" skipped="0">
  <testcase classname="TestCases.Sign_Up_UTasks_Invalid_Account_Setup" name="navigate_to_Sign_Up_Invalid_Account_Edge" time="15.724"/>
  <system-out/>
  <testcase classname="TestCases.Sign_Up_UTasks_Invalid_Account_Setup" name="navigate_to_Sign_Up_Invalid_Account_chrome" time="10.195"/>
  <system-out/>
  <testcase classname="TestCases.Sign_Up_UTasks_Invalid_Account_Setup" name="navigate_to_Sign_Up_Invalid_Account_firefox" time="17.199"/>
  <system-out/>
</testsuite> <!-- TestCases.Sign_Up_UTasks_Invalid_Account_Setup -->
