<?xml version="1.0" encoding="UTF-8"?>
<!-- Generated by org.testng.reporters.JUnitReportReporter -->
<testsuite hostname="DESKTOP-R4CIO73" failures="0" tests="1" name="TestCases.Add_New_Task_UTasks_Setup" time="10.460" errors="0" timestamp="2021-12-24T23:26:09 EET" skipped="0">
  <testcase classname="TestCases.Add_New_Task_UTasks_Setup" name="navigate_to_Sign_Up" time="10.460"/>
  <system-out/>
</testsuite> <!-- TestCases.Add_New_Task_UTasks_Setup -->
